<?xml version="1.0" encoding="UTF-8"?>
<testsuite xmlns:xsi="http://www.w3.org/2001/XMLSchema-instance" xsi:noNamespaceSchemaLocation="https://maven.apache.org/surefire/maven-surefire-plugin/xsd/surefire-test-report.xsd" version="3.0.2" name="main.java.com.pantry.my_pantry.MyPantryApplicationTests" time="8.724" tests="1" errors="0" skipped="0" failures="0" flakes="0">
  <properties>
[...]
</properties>
  <testcase name="contextLoads" classname="main.java.com.pantry.my_pantry.MyPantryApplicationTests" time="1.291">
    <system-out><![CDATA[21:36:07.769 [main] INFO org.springframework.test.context.support.AnnotationConfigContextLoaderUtils -- Could not detect default configuration classes for test class [main.java.com.pantry.my_pantry.MyPantryApplicationTests]: MyPantryApplicationTests does not declare any static, non-private, non-final, nested classes annotated with @Configuration.
21:36:08.115 [main] INFO org.springframework.boot.test.context.SpringBootTestContextBootstrapper -- Found @SpringBootConfiguration main.java.com.pantry.my_pantry.MyPantryApplication for test class main.java.com.pantry.my_pantry.MyPantryApplicationTests
21:36:08.257 [main] INFO org.springframework.test.context.support.AnnotationConfigContextLoaderUtils -- Could not detect default configuration classes for test class [main.java.com.pantry.my_pantry.MyPantryApplicationTests]: MyPantryApplicationTests does not declare any static, non-private, non-final, nested classes annotated with @Configuration.
21:36:08.260 [main] INFO org.springframework.boot.test.context.SpringBootTestContextBootstrapper -- Found @SpringBootConfiguration main.java.com.pantry.my_pantry.MyPantryApplication for test class main.java.com.pantry.my_pantry.MyPantryApplicationTests

  .   ____          _            __ _ _
 /\\ / ___'_ __ _ _(_)_ __  __ _ \ \ \ \
( ( )\___ | '_ | '_| | '_ \/ _` | \ \ \ \
 \\/  ___)| |_)| | | | | || (_| |  ) ) ) )
  '  |____| .__|_| |_|_| |_\__, | / / / /
 =========|_|==============|___/=/_/_/_/

 :: Spring Boot ::                (v4.0.6)

2026-05-25T21:36:08.846-07:00  INFO 54271 --- [my-pantry] [           main] m.j.c.p.m.MyPantryApplicationTests       : Starting MyPantryApplicationTests using Java 17.0.4.1 with PID 54271 (started by gen in /Users/gen/pantry/app)
2026-05-25T21:36:08.849-07:00  INFO 54271 --- [my-pantry] [           main] m.j.c.p.m.MyPantryApplicationTests       : No active profile set, falling back to 1 default profile: "default"
2026-05-25T21:36:08.926-07:00 DEBUG 54271 --- [my-pantry] [           main] o.s.w.c.s.GenericWebApplicationContext   : Refreshing org.springframework.web.context.support.GenericWebApplicationContext@1a28aef1
2026-05-25T21:36:10.905-07:00  INFO 54271 --- [my-pantry] [           main] com.zaxxer.hikari.HikariDataSource       : HikariPool-1 - Starting...
2026-05-25T21:36:12.353-07:00  INFO 54271 --- [my-pantry] [           main] com.zaxxer.hikari.pool.HikariPool        : HikariPool-1 - Added connection com.mysql.cj.jdbc.ConnectionImpl@51eb0e84
2026-05-25T21:36:12.356-07:00  INFO 54271 --- [my-pantry] [           main] com.zaxxer.hikari.HikariDataSource       : HikariPool-1 - Start completed.
2026-05-25T21:36:13.367-07:00 DEBUG 54271 --- [my-pantry] [           main] s.w.s.m.m.a.RequestMappingHandlerMapping : 5 mappings in 'requestMappingHandlerMapping'
2026-05-25T21:36:13.411-07:00 DEBUG 54271 --- [my-pantry] [           main] o.s.w.s.handler.SimpleUrlHandlerMapping  : Patterns [/webjars/**, /**] in 'resourceHandlerMapping'
2026-05-25T21:36:13.446-07:00 DEBUG 54271 --- [my-pantry] [           main] s.w.s.m.m.a.RequestMappingHandlerAdapter : ControllerAdvice beans: 0 @ModelAttribute, 0 @InitBinder, 2 RequestBodyAdvice, 1 ResponseBodyAdvice
2026-05-25T21:36:13.517-07:00 DEBUG 54271 --- [my-pantry] [           main] .m.m.a.ExceptionHandlerExceptionResolver : ControllerAdvice beans: 0 @ExceptionHandler, 1 ResponseBodyAdvice
2026-05-25T21:36:14.383-07:00  INFO 54271 --- [my-pantry] [           main] o.s.b.a.e.web.EndpointLinksResolver      : Exposing 1 endpoint beneath base path '/actuator'
2026-05-25T21:36:14.533-07:00  INFO 54271 --- [my-pantry] [           main] m.j.c.p.m.MyPantryApplicationTests       : Started MyPantryApplicationTests in 6.171 seconds (process running for 9.14)
]]></system-out>
  </testcase>
</testsuite>